2026-04-02 14:53:19  code:33-Core/IRCNetSDK.cpp :D :<IRC_NET_Init>:SDK Init.
2026-04-02 14:53:19  code:60-DevCtrl/Impl/YjAt20DevCtrl.cpp :D :<Deinit>:YJ20 dev deinit succeed.
2026-04-02 14:53:19  code:2988-DevCtrl/Impl/ShDevCtrl.cpp :E :<MakeCall>:Http request failed, json = 
<!DOCTYPE html>
<html lang="en">
	<head>
		<meta http-equiv="Content-Type" content="text/html; charset=UTF-8">
		<title>Not Found</title>
		<style type="text/css">
			* {
				margin:0;
				padding:0;
			}

			body {
				background-color:#EFEFEF;
				font: .9em "Lucida Sans Unicode", "Lucida Grande", sans-serif;
			}

			#wrapper{
				width:600px;
				margin:40px auto 0;
				text-align:center;
				-moz-box-shadow: 5px 5px 10px rgba(0,0,0,0.3);
				-webkit-box-shadow: 5px 5px 10px rgba(0,0,0,0.3);
				box-shadow: 5px 5px 10px rgba(0,0,0,0.3);
			}

			#wrapper h1{
				color:#FFF;
				text-align:center;
				margin-bottom:20px;
			}

			#wrapper a{
				display:block;
				font-size:.9em;
				padding-top:20px;
				color:#FFF;
				text-decoration:none;
				text-align:center;
			}

			#container {
				width:600px;
				padding-bottom:15px;
				background-color:#FFFFFF;
			}

			.navtop{
				height:40px;
				background-color:#24B2EB;
				padding:13px;
			}

			.content {
				padding:10px 10px 25px;
				background: #FFFFFF;
				margin:;
				color:#333;
			}

			a.button{
				color:white;
				padding:15px 20px;
				text-shadow:1px 1px 0 #00A5FF;
				font-weight:bold;
				text-align:center;
				border:1px solid #24B2EB;
				margin:0px 200px;
				clear:both;
				background-color: #24B2EB;
				border-radius:100px;
				-moz-border-radius:100px;
				-webkit-border-radius:100px;
			}

			a.button:hover{
				text-decoration:none;
				background-color: #24B2EB;
			}

		</style>
	</head>
	<body>
		<div id="wrapper">
			<div id="container">
				<div class="navtop">
					<h1>Not Found</h1>
				</div>
				<div id="content">
					<br>The page you have requested has flown the coop.<br>Perhaps you are here because:<br><br><ul><br>The page has moved<br>The page no longer exists<br>You were looking for your puppy and got lost<br>You like 404 pages</ul>
					<a href="/" title="Home" class="button">Go Home</a><br />

					<br>Powered by beego 1.12.3
				</div>
			</div>
		</div>
	</body>
</html>

2026-04-02 14:53:19  code:61-DevCtrl/Impl/ShDevCtrl.cpp :D :<Deinit>:Sh dev deinit succeed.
2026-04-02 14:53:19  code:60-DevCtrl/Impl/YjAt30DevCtrl.cpp :D :<Deinit>:YJ30 dev deinit succeed.
2026-04-02 14:53:19  code:53-DevCtrl/Impl/SrDevCtrl.cpp :D :<Deinit>:Sr dev deinit succeed.
2026-04-02 14:53:20  code:1913-DevCtrl/Impl/AtrDevCtrl.cpp :D :<MakeCall>:Make call url = http://192.168.1.123/v1/user/login?username=admin&password=admin, json = {"Code":200,"Message":"msg: success","Translate":"操作成功","Detail":"","Data":{"Token":"eyJhbGciOiJIUzI1NiIsInR5cCI6IkpXVCJ9.eyJleHAiOjE3NzUxMTI5MTEsImlzcyI6Imh6d3kyMyIsIlVzZXIiOiJhZG1pbiIsIkRvbWFpbiI6ImNoaW5hIiwiT3JnVW5pdCI6Imh1aXl1dmlzaW9uIiwiYXV0aG9yaXRpZXMiOiJST0xFX0FETUlOLEFVVEhfV1JJVEUsQUNUVUFUT1IifQ.mRupP1d8KDNy-u5bzWl6I2n_O2ESpu3bS7bY9hKfYRs"}}
2026-04-02 14:53:20  code:267-DevCtrl/DevCtrlMgr.cpp :D :<GetDevInfo>:get csv path = /home/gadget/dev/repos/infiray_thermal_camera_ws/InfiRay_thermal_camera/install/infiray_ros2/lib/infiray_ros2/ability.csv
2026-04-02 14:53:20  code:1913-DevCtrl/Impl/AtrDevCtrl.cpp :D :<MakeCall>:Make call url = http://192.168.1.123/v1/user/logout, json = {"Code":200,"Message":"msg: success","Translate":"操作成功","Detail":"","Data":null}
2026-04-02 14:53:20  code:91-DevCtrl/Impl/AtrDevCtrl.cpp :D :<Deinit>:Atr dev deinit succeed.
2026-04-02 14:53:20  code:63-Core/IRCNetSDK.cpp :D :<IRC_NET_Deinit>:SDK Deinit.
2026-04-02 14:56:40  code:33-Core/IRCNetSDK.cpp :D :<IRC_NET_Init>:SDK Init.
2026-04-02 14:56:40  code:2988-DevCtrl/Impl/ShDevCtrl.cpp :E :<MakeCall>:Http request failed, json = 
<!DOCTYPE html>
<html lang="en">
	<head>
		<meta http-equiv="Content-Type" content="text/html; charset=UTF-8">
		<title>Not Found</title>
		<style type="text/css">
			* {
				margin:0;
				padding:0;
			}

			body {
				background-color:#EFEFEF;
				font: .9em "Lucida Sans Unicode", "Lucida Grande", sans-serif;
			}

			#wrapper{
				width:600px;
				margin:40px auto 0;
				text-align:center;
				-moz-box-shadow: 5px 5px 10px rgba(0,0,0,0.3);
				-webkit-box-shadow: 5px 5px 10px rgba(0,0,0,0.3);
				box-shadow: 5px 5px 10px rgba(0,0,0,0.3);
			}

			#wrapper h1{
				color:#FFF;
				text-align:center;
				margin-bottom:20px;
			}

			#wrapper a{
				display:block;
				font-size:.9em;
				padding-top:20px;
				color:#FFF;
				text-decoration:none;
				text-align:center;
			}

			#container {
				width:600px;
				padding-bottom:15px;
				background-color:#FFFFFF;
			}

			.navtop{
				height:40px;
				background-color:#24B2EB;
				padding:13px;
			}

			.content {
				padding:10px 10px 25px;
				background: #FFFFFF;
				margin:;
				color:#333;
			}

			a.button{
				color:white;
				padding:15px 20px;
				text-shadow:1px 1px 0 #00A5FF;
				font-weight:bold;
				text-align:center;
				border:1px solid #24B2EB;
				margin:0px 200px;
				clear:both;
				background-color: #24B2EB;
				border-radius:100px;
				-moz-border-radius:100px;
				-webkit-border-radius:100px;
			}

			a.button:hover{
				text-decoration:none;
				background-color: #24B2EB;
			}

		</style>
	</head>
	<body>
		<div id="wrapper">
			<div id="container">
				<div class="navtop">
					<h1>Not Found</h1>
				</div>
				<div id="content">
					<br>The page you have requested has flown the coop.<br>Perhaps you are here because:<br><br><ul><br>The page has moved<br>The page no longer exists<br>You were looking for your puppy and got lost<br>You like 404 pages</ul>
					<a href="/" title="Home" class="button">Go Home</a><br />

					<br>Powered by beego 1.12.3
				</div>
			</div>
		</div>
	</body>
</html>

2026-04-02 14:56:40  code:61-DevCtrl/Impl/ShDevCtrl.cpp :D :<Deinit>:Sh dev deinit succeed.
2026-04-02 14:56:40  code:53-DevCtrl/Impl/SrDevCtrl.cpp :D :<Deinit>:Sr dev deinit succeed.
2026-04-02 14:56:40  code:60-DevCtrl/Impl/YjAt20DevCtrl.cpp :D :<Deinit>:YJ20 dev deinit succeed.
2026-04-02 14:56:40  code:60-DevCtrl/Impl/YjAt30DevCtrl.cpp :D :<Deinit>:YJ30 dev deinit succeed.
2026-04-02 14:56:40  code:1913-DevCtrl/Impl/AtrDevCtrl.cpp :D :<MakeCall>:Make call url = http://192.168.1.123/v1/user/login?username=admin&password=admin, json = {"Code":200,"Message":"msg: success","Translate":"操作成功","Detail":"","Data":{"Token":"eyJhbGciOiJIUzI1NiIsInR5cCI6IkpXVCJ9.eyJleHAiOjE3NzUxMTMxMTIsImlzcyI6Imh6d3kyMyIsIlVzZXIiOiJhZG1pbiIsIkRvbWFpbiI6ImNoaW5hIiwiT3JnVW5pdCI6Imh1aXl1dmlzaW9uIiwiYXV0aG9yaXRpZXMiOiJST0xFX0FETUlOLEFVVEhfV1JJVEUsQUNUVUFUT1IifQ.PZvOIbX-2qMpBCUX90XZIfxTZGd5qoNN6ZTOG_d1hBI"}}
2026-04-02 14:56:40  code:267-DevCtrl/DevCtrlMgr.cpp :D :<GetDevInfo>:get csv path = /home/gadget/dev/repos/infiray_thermal_camera_ws/InfiRay_thermal_camera/install/infiray_ros2/lib/infiray_ros2/ability.csv
2026-04-02 14:56:40  code:1913-DevCtrl/Impl/AtrDevCtrl.cpp :D :<MakeCall>:Make call url = http://192.168.1.123/v1/user/logout, json = {"Code":200,"Message":"msg: success","Translate":"操作成功","Detail":"","Data":null}
2026-04-02 14:56:40  code:91-DevCtrl/Impl/AtrDevCtrl.cpp :D :<Deinit>:Atr dev deinit succeed.
2026-04-02 14:56:40  code:63-Core/IRCNetSDK.cpp :D :<IRC_NET_Deinit>:SDK Deinit.
2026-04-02 14:57:10  code:33-Core/IRCNetSDK.cpp :D :<IRC_NET_Init>:SDK Init.
2026-04-02 14:57:10  code:60-DevCtrl/Impl/YjAt30DevCtrl.cpp :D :<Deinit>:YJ30 dev deinit succeed.
2026-04-02 14:57:10  code:2988-DevCtrl/Impl/ShDevCtrl.cpp :E :<MakeCall>:Http request failed, json = 
<!DOCTYPE html>
<html lang="en">
	<head>
		<meta http-equiv="Content-Type" content="text/html; charset=UTF-8">
		<title>Not Found</title>
		<style type="text/css">
			* {
				margin:0;
				padding:0;
			}

			body {
				background-color:#EFEFEF;
				font: .9em "Lucida Sans Unicode", "Lucida Grande", sans-serif;
			}

			#wrapper{
				width:600px;
				margin:40px auto 0;
				text-align:center;
				-moz-box-shadow: 5px 5px 10px rgba(0,0,0,0.3);
				-webkit-box-shadow: 5px 5px 10px rgba(0,0,0,0.3);
				box-shadow: 5px 5px 10px rgba(0,0,0,0.3);
			}

			#wrapper h1{
				color:#FFF;
				text-align:center;
				margin-bottom:20px;
			}

			#wrapper a{
				display:block;
				font-size:.9em;
				padding-top:20px;
				color:#FFF;
				text-decoration:none;
				text-align:center;
			}

			#container {
				width:600px;
				padding-bottom:15px;
				background-color:#FFFFFF;
			}

			.navtop{
				height:40px;
				background-color:#24B2EB;
				padding:13px;
			}

			.content {
				padding:10px 10px 25px;
				background: #FFFFFF;
				margin:;
				color:#333;
			}

			a.button{
				color:white;
				padding:15px 20px;
				text-shadow:1px 1px 0 #00A5FF;
				font-weight:bold;
				text-align:center;
				border:1px solid #24B2EB;
				margin:0px 200px;
				clear:both;
				background-color: #24B2EB;
				border-radius:100px;
				-moz-border-radius:100px;
				-webkit-border-radius:100px;
			}

			a.button:hover{
				text-decoration:none;
				background-color: #24B2EB;
			}

		</style>
	</head>
	<body>
		<div id="wrapper">
			<div id="container">
				<div class="navtop">
					<h1>Not Found</h1>
				</div>
				<div id="content">
					<br>The page you have requested has flown the coop.<br>Perhaps you are here because:<br><br><ul><br>The page has moved<br>The page no longer exists<br>You were looking for your puppy and got lost<br>You like 404 pages</ul>
					<a href="/" title="Home" class="button">Go Home</a><br />

					<br>Powered by beego 1.12.3
				</div>
			</div>
		</div>
	</body>
</html>

2026-04-02 14:57:10  code:61-DevCtrl/Impl/ShDevCtrl.cpp :D :<Deinit>:Sh dev deinit succeed.
2026-04-02 14:57:10  code:53-DevCtrl/Impl/SrDevCtrl.cpp :D :<Deinit>:Sr dev deinit succeed.
2026-04-02 14:57:10  code:60-DevCtrl/Impl/YjAt20DevCtrl.cpp :D :<Deinit>:YJ20 dev deinit succeed.
2026-04-02 14:57:10  code:1913-DevCtrl/Impl/AtrDevCtrl.cpp :D :<MakeCall>:Make call url = http://192.168.1.123/v1/user/login?username=admin&password=admin, json = {"Code":200,"Message":"msg: success","Translate":"操作成功","Detail":"","Data":{"Token":"eyJhbGciOiJIUzI1NiIsInR5cCI6IkpXVCJ9.eyJleHAiOjE3NzUxMTMxNDEsImlzcyI6Imh6d3kyMyIsIlVzZXIiOiJhZG1pbiIsIkRvbWFpbiI6ImNoaW5hIiwiT3JnVW5pdCI6Imh1aXl1dmlzaW9uIiwiYXV0aG9yaXRpZXMiOiJST0xFX0FETUlOLEFVVEhfV1JJVEUsQUNUVUFUT1IifQ.BYDrZ7NDW7DtbruJUrSK3AHVa6RkGSmTp7pKqNnpCxk"}}
2026-04-02 14:57:10  code:267-DevCtrl/DevCtrlMgr.cpp :D :<GetDevInfo>:get csv path = /home/gadget/dev/repos/infiray_thermal_camera_ws/InfiRay_thermal_camera/install/infiray_ros2/lib/infiray_ros2/ability.csv
2026-04-02 14:57:10  code:1913-DevCtrl/Impl/AtrDevCtrl.cpp :D :<MakeCall>:Make call url = http://192.168.1.123/v1/user/logout, json = {"Code":200,"Message":"msg: success","Translate":"操作成功","Detail":"","Data":null}
2026-04-02 14:57:10  code:91-DevCtrl/Impl/AtrDevCtrl.cpp :D :<Deinit>:Atr dev deinit succeed.
2026-04-02 14:57:10  code:63-Core/IRCNetSDK.cpp :D :<IRC_NET_Deinit>:SDK Deinit.
2026-04-02 14:57:16  code:33-Core/IRCNetSDK.cpp :D :<IRC_NET_Init>:SDK Init.
2026-04-02 14:57:16  code:2988-DevCtrl/Impl/ShDevCtrl.cpp :E :<MakeCall>:Http request failed, json = 
2026-04-02 14:57:16  code:53-DevCtrl/Impl/SrDevCtrl.cpp :D :<Deinit>:Sr dev deinit succeed.
2026-04-02 14:57:16  code:61-DevCtrl/Impl/ShDevCtrl.cpp :D :<Deinit>:Sh dev deinit succeed.
2026-04-02 14:57:16  code:60-DevCtrl/Impl/YjAt20DevCtrl.cpp :D :<Deinit>:YJ20 dev deinit succeed.
2026-04-02 14:57:16  code:60-DevCtrl/Impl/YjAt30DevCtrl.cpp :D :<Deinit>:YJ30 dev deinit succeed.
2026-04-02 14:57:16  code:1913-DevCtrl/Impl/AtrDevCtrl.cpp :D :<MakeCall>:Make call url = http://192.168.1.123/v1/user/login?username=admin&password=admin, json = {"Code":200,"Message":"msg: success","Translate":"操作成功","Detail":"","Data":{"Token":"eyJhbGciOiJIUzI1NiIsInR5cCI6IkpXVCJ9.eyJleHAiOjE3NzUxMTMxNDgsImlzcyI6Imh6d3kyMyIsIlVzZXIiOiJhZG1pbiIsIkRvbWFpbiI6ImNoaW5hIiwiT3JnVW5pdCI6Imh1aXl1dmlzaW9uIiwiYXV0aG9yaXRpZXMiOiJST0xFX0FETUlOLEFVVEhfV1JJVEUsQUNUVUFUT1IifQ.AMqrdRWt3TQ8A1bxf2gsMgyQmyNkXsPU1-miELc5j1Q"}}
2026-04-02 14:57:16  code:267-DevCtrl/DevCtrlMgr.cpp :D :<GetDevInfo>:get csv path = /home/gadget/dev/repos/infiray_thermal_camera_ws/InfiRay_thermal_camera/install/infiray_ros2/lib/infiray_ros2/ability.csv
2026-04-02 14:57:16  code:1913-DevCtrl/Impl/AtrDevCtrl.cpp :D :<MakeCall>:Make call url = http://192.168.1.123/v1/user/logout, json = {"Code":200,"Message":"msg: success","Translate":"操作成功","Detail":"","Data":null}
2026-04-02 14:57:16  code:91-DevCtrl/Impl/AtrDevCtrl.cpp :D :<Deinit>:Atr dev deinit succeed.
2026-04-02 14:57:16  code:63-Core/IRCNetSDK.cpp :D :<IRC_NET_Deinit>:SDK Deinit.
2026-04-02 15:00:20  code:33-Core/IRCNetSDK.cpp :D :<IRC_NET_Init>:SDK Init.
2026-04-02 15:00:20  code:60-DevCtrl/Impl/YjAt20DevCtrl.cpp :D :<Deinit>:YJ20 dev deinit succeed.
2026-04-02 15:00:20  code:53-DevCtrl/Impl/SrDevCtrl.cpp :D :<Deinit>:Sr dev deinit succeed.
2026-04-02 15:00:20  code:60-DevCtrl/Impl/YjAt30DevCtrl.cpp :D :<Deinit>:YJ30 dev deinit succeed.
2026-04-02 15:00:20  code:2988-DevCtrl/Impl/ShDevCtrl.cpp :E :<MakeCall>:Http request failed, json = 
<!DOCTYPE html>
<html lang="en">
	<head>
		<meta http-equiv="Content-Type" content="text/html; charset=UTF-8">
		<title>Not Found</title>
		<style type="text/css">
			* {
				margin:0;
				padding:0;
			}

			body {
				background-color:#EFEFEF;
				font: .9em "Lucida Sans Unicode", "Lucida Grande", sans-serif;
			}

			#wrapper{
				width:600px;
				margin:40px auto 0;
				text-align:center;
				-moz-box-shadow: 5px 5px 10px rgba(0,0,0,0.3);
				-webkit-box-shadow: 5px 5px 10px rgba(0,0,0,0.3);
				box-shadow: 5px 5px 10px rgba(0,0,0,0.3);
			}

			#wrapper h1{
				color:#FFF;
				text-align:center;
				margin-bottom:20px;
			}

			#wrapper a{
				display:block;
				font-size:.9em;
				padding-top:20px;
				color:#FFF;
				text-decoration:none;
				text-align:center;
			}

			#container {
				width:600px;
				padding-bottom:15px;
				background-color:#FFFFFF;
			}

			.navtop{
				height:40px;
				background-color:#24B2EB;
				padding:13px;
			}

			.content {
				padding:10px 10px 25px;
				background: #FFFFFF;
				margin:;
				color:#333;
			}

			a.button{
				color:white;
				padding:15px 20px;
				text-shadow:1px 1px 0 #00A5FF;
				font-weight:bold;
				text-align:center;
				border:1px solid #24B2EB;
				margin:0px 200px;
				clear:both;
				background-color: #24B2EB;
				border-radius:100px;
				-moz-border-radius:100px;
				-webkit-border-radius:100px;
			}

			a.button:hover{
				text-decoration:none;
				background-color: #24B2EB;
			}

		</style>
	</head>
	<body>
		<div id="wrapper">
			<div id="container">
				<div class="navtop">
					<h1>Not Found</h1>
				</div>
				<div id="content">
					<br>The page you have requested has flown the coop.<br>Perhaps you are here because:<br><br><ul><br>The page has moved<br>The page no longer exists<br>You were looking for your puppy and got lost<br>You like 404 pages</ul>
					<a href="/" title="Home" class="button">Go Home</a><br />

					<br>Powered by beego 1.12.3
				</div>
			</div>
		</div>
	</body>
</html>

2026-04-02 15:00:20  code:61-DevCtrl/Impl/ShDevCtrl.cpp :D :<Deinit>:Sh dev deinit succeed.
2026-04-02 15:00:20  code:1913-DevCtrl/Impl/AtrDevCtrl.cpp :D :<MakeCall>:Make call url = http://192.168.1.123/v1/user/login?username=admin&password=admin, json = {"Code":200,"Message":"msg: success","Translate":"操作成功","Detail":"","Data":{"Token":"eyJhbGciOiJIUzI1NiIsInR5cCI6IkpXVCJ9.eyJleHAiOjE3NzUxMTMzMzEsImlzcyI6Imh6d3kyMyIsIlVzZXIiOiJhZG1pbiIsIkRvbWFpbiI6ImNoaW5hIiwiT3JnVW5pdCI6Imh1aXl1dmlzaW9uIiwiYXV0aG9yaXRpZXMiOiJST0xFX0FETUlOLEFVVEhfV1JJVEUsQUNUVUFUT1IifQ.sa18G9FinbOHqpEtXiMCSfztR1x4K9BkCGdyUtufOQI"}}
2026-04-02 15:00:20  code:267-DevCtrl/DevCtrlMgr.cpp :D :<GetDevInfo>:get csv path = /home/gadget/dev/repos/infiray_thermal_camera_ws/InfiRay_thermal_camera/install/infiray_ros2/lib/infiray_ros2/ability.csv
2026-04-02 15:00:20  code:1913-DevCtrl/Impl/AtrDevCtrl.cpp :D :<MakeCall>:Make call url = http://192.168.1.123/v1/user/logout, json = {"Code":200,"Message":"msg: success","Translate":"操作成功","Detail":"","Data":null}
2026-04-02 15:00:20  code:91-DevCtrl/Impl/AtrDevCtrl.cpp :D :<Deinit>:Atr dev deinit succeed.
2026-04-02 15:00:20  code:63-Core/IRCNetSDK.cpp :D :<IRC_NET_Deinit>:SDK Deinit.
2026-04-02 15:01:01  code:33-Core/IRCNetSDK.cpp :D :<IRC_NET_Init>:SDK Init.
2026-04-02 15:01:01  code:53-DevCtrl/Impl/SrDevCtrl.cpp :D :<Deinit>:Sr dev deinit succeed.
2026-04-02 15:01:01  code:60-DevCtrl/Impl/YjAt20DevCtrl.cpp :D :<Deinit>:YJ20 dev deinit succeed.
2026-04-02 15:01:01  code:2988-DevCtrl/Impl/ShDevCtrl.cpp :E :<MakeCall>:Http request failed, json = 
<!DOCTYPE html>
<html lang="en">
	<head>
		<meta http-equiv="Content-Type" content="text/html; charset=UTF-8">
		<title>Not Found</title>
		<style type="text/css">
			* {
				margin:0;
				padding:0;
			}

			body {
				background-color:#EFEFEF;
				font: .9em "Lucida Sans Unicode", "Lucida Grande", sans-serif;
			}

			#wrapper{
				width:600px;
				margin:40px auto 0;
				text-align:center;
				-moz-box-shadow: 5px 5px 10px rgba(0,0,0,0.3);
				-webkit-box-shadow: 5px 5px 10px rgba(0,0,0,0.3);
				box-shadow: 5px 5px 10px rgba(0,0,0,0.3);
			}

			#wrapper h1{
				color:#FFF;
				text-align:center;
				margin-bottom:20px;
			}

			#wrapper a{
				display:block;
				font-size:.9em;
				padding-top:20px;
				color:#FFF;
				text-decoration:none;
				text-align:center;
			}

			#container {
				width:600px;
				padding-bottom:15px;
				background-color:#FFFFFF;
			}

			.navtop{
				height:40px;
				background-color:#24B2EB;
				padding:13px;
			}

			.content {
				padding:10px 10px 25px;
				background: #FFFFFF;
				margin:;
				color:#333;
			}

			a.button{
				color:white;
				padding:15px 20px;
				text-shadow:1px 1px 0 #00A5FF;
				font-weight:bold;
				text-align:center;
				border:1px solid #24B2EB;
				margin:0px 200px;
				clear:both;
				background-color: #24B2EB;
				border-radius:100px;
				-moz-border-radius:100px;
				-webkit-border-radius:100px;
			}

			a.button:hover{
				text-decoration:none;
				background-color: #24B2EB;
			}

		</style>
	</head>
	<body>
		<div id="wrapper">
			<div id="container">
				<div class="navtop">
					<h1>Not Found</h1>
				</div>
				<div id="content">
					<br>The page you have requested has flown the coop.<br>Perhaps you are here because:<br><br><ul><br>The page has moved<br>The page no longer exists<br>You were looking for your puppy and got lost<br>You like 404 pages</ul>
					<a href="/" title="Home" class="button">Go Home</a><br />

					<br>Powered by beego 1.12.3
				</div>
			</div>
		</div>
	</body>
</html>

2026-04-02 15:01:01  code:61-DevCtrl/Impl/ShDevCtrl.cpp :D :<Deinit>:Sh dev deinit succeed.
2026-04-02 15:01:01  code:60-DevCtrl/Impl/YjAt30DevCtrl.cpp :D :<Deinit>:YJ30 dev deinit succeed.
2026-04-02 15:01:02  code:1913-DevCtrl/Impl/AtrDevCtrl.cpp :D :<MakeCall>:Make call url = http://192.168.1.123/v1/user/login?username=admin&password=admin, json = {"Code":200,"Message":"msg: success","Translate":"操作成功","Detail":"","Data":{"Token":"eyJhbGciOiJIUzI1NiIsInR5cCI6IkpXVCJ9.eyJleHAiOjE3NzUxMTMzNzMsImlzcyI6Imh6d3kyMyIsIlVzZXIiOiJhZG1pbiIsIkRvbWFpbiI6ImNoaW5hIiwiT3JnVW5pdCI6Imh1aXl1dmlzaW9uIiwiYXV0aG9yaXRpZXMiOiJST0xFX0FETUlOLEFVVEhfV1JJVEUsQUNUVUFUT1IifQ.yD4M7tciB0nxtVEefYP696QuOmNkcBB5WWcHsF9Z9-U"}}
2026-04-02 15:01:02  code:267-DevCtrl/DevCtrlMgr.cpp :D :<GetDevInfo>:get csv path = /home/gadget/dev/repos/infiray_thermal_camera_ws/InfiRay_thermal_camera/install/infiray_ros2/lib/infiray_ros2/ability.csv
2026-04-02 15:01:02  code:1913-DevCtrl/Impl/AtrDevCtrl.cpp :D :<MakeCall>:Make call url = http://192.168.1.123/v1/user/logout, json = {"Code":200,"Message":"msg: success","Translate":"操作成功","Detail":"","Data":null}
2026-04-02 15:01:02  code:91-DevCtrl/Impl/AtrDevCtrl.cpp :D :<Deinit>:Atr dev deinit succeed.
2026-04-02 15:01:02  code:63-Core/IRCNetSDK.cpp :D :<IRC_NET_Deinit>:SDK Deinit.
2026-04-02 15:03:09  code:33-Core/IRCNetSDK.cpp :D :<IRC_NET_Init>:SDK Init.
